0 info it worked if it ends with ok
1 verbose cli [ 'node', '/usr/local/bin/npm', 'install', '-g', 'appbuilder' ]
2 info using npm@2.12.1
3 info using node@v0.12.4
4 verbose install initial load of /usr/local/lib/package.json
5 verbose readDependencies loading dependencies from /usr/local/lib/package.json
6 silly cache add args [ 'appbuilder', null ]
7 verbose cache add spec appbuilder
8 silly cache add parsed spec { raw: 'appbuilder',
8 silly cache add   scope: null,
8 silly cache add   name: 'appbuilder',
8 silly cache add   rawSpec: '',
8 silly cache add   spec: '*',
8 silly cache add   type: 'range' }
9 silly addNamed appbuilder@*
10 verbose addNamed "*" is a valid semver range for appbuilder
11 silly addNameRange { name: 'appbuilder', range: '*', hasData: false }
12 silly mapToRegistry name appbuilder
13 silly mapToRegistry using default registry
14 silly mapToRegistry registry https://registry.npmjs.org/
15 silly mapToRegistry uri https://registry.npmjs.org/appbuilder
16 verbose addNameRange registry:https://registry.npmjs.org/appbuilder not in flight; fetching
17 verbose request uri https://registry.npmjs.org/appbuilder
18 verbose request no auth needed
19 info attempt registry request try #1 at 09:30:04
20 verbose request id 6fbacc6eb43aa57f
21 http request GET https://registry.npmjs.org/appbuilder
22 http 200 https://registry.npmjs.org/appbuilder
23 silly get cb [ 200,
23 silly get   { server: 'CouchDB/1.5.0 (Erlang OTP/R16B03)',
23 silly get     etag: '"B2AJKEWAGUL9L85PG47NV4Q9R"',
23 silly get     'content-type': 'application/json',
23 silly get     'cache-control': 'max-age=60',
23 silly get     'content-length': '153603',
23 silly get     'accept-ranges': 'bytes',
23 silly get     date: 'Tue, 18 Aug 2015 06:30:13 GMT',
23 silly get     via: '1.1 varnish',
23 silly get     age: '0',
23 silly get     connection: 'close',
23 silly get     'x-served-by': 'cache-lhr6325-LHR',
23 silly get     'x-cache': 'MISS',
23 silly get     'x-cache-hits': '0',
23 silly get     'x-timer': 'S1439879413.097556,VS0,VE663',
23 silly get     vary: 'Accept' } ]
24 verbose get saving appbuilder to /home/wamburu/.npm/registry.npmjs.org/appbuilder/.cache.json
25 silly addNameRange number 2 { name: 'appbuilder', range: '*', hasData: true }
26 silly addNameRange versions [ 'appbuilder',
26 silly addNameRange   [ '2.0.0-7',
26 silly addNameRange     '2.1.0-40',
26 silly addNameRange     '2.1.1-61',
26 silly addNameRange     '2.2.0-109',
26 silly addNameRange     '2.3.0-117',
26 silly addNameRange     '2.3.1-124',
26 silly addNameRange     '2.4.0-147',
26 silly addNameRange     '2.4.1-150',
26 silly addNameRange     '2.5.0-175',
26 silly addNameRange     '2.5.1-178',
26 silly addNameRange     '2.6.0-208',
26 silly addNameRange     '2.6.1-221',
26 silly addNameRange     '2.6.2-225',
26 silly addNameRange     '2.6.3-228',
26 silly addNameRange     '2.7.0-255',
26 silly addNameRange     '2.7.2-265',
26 silly addNameRange     '2.7.3-266',
26 silly addNameRange     '2.8.0-301',
26 silly addNameRange     '2.8.1-309',
26 silly addNameRange     '2.8.2-324',
26 silly addNameRange     '2.8.3-331',
26 silly addNameRange     '2.9.0-386',
26 silly addNameRange     '2.9.1-416',
26 silly addNameRange     '2.9.2-424',
26 silly addNameRange     '2.9.3-426',
26 silly addNameRange     '2.10.0-470',
26 silly addNameRange     '2.10.1',
26 silly addNameRange     '2.11.0',
26 silly addNameRange     '2.11.1' ] ]
27 silly addNamed appbuilder@2.11.1
28 verbose addNamed "2.11.1" is a plain semver version for appbuilder
29 silly mapToRegistry name appbuilder
30 silly mapToRegistry using default registry
31 silly mapToRegistry registry https://registry.npmjs.org/
32 silly mapToRegistry uri https://registry.npmjs.org/appbuilder
33 verbose addRemoteTarball https://registry.npmjs.org/appbuilder/-/appbuilder-2.11.1.tgz not in flight; adding
34 verbose addRemoteTarball [ 'https://registry.npmjs.org/appbuilder/-/appbuilder-2.11.1.tgz',
34 verbose addRemoteTarball   '3d5ba311c35d1c009fb1f03e55aa54171e57596e' ]
35 info retry fetch attempt 1 at 09:30:24
36 info attempt registry request try #1 at 09:30:24
37 http fetch GET https://registry.npmjs.org/appbuilder/-/appbuilder-2.11.1.tgz
38 http fetch 200 https://registry.npmjs.org/appbuilder/-/appbuilder-2.11.1.tgz
39 silly fetchAndShaCheck shasum 3d5ba311c35d1c009fb1f03e55aa54171e57596e
40 verbose stack Error: shasum check failed for /tmp/npm-3983-2055bd11/registry.npmjs.org/appbuilder/-/appbuilder-2.11.1.tgz
40 verbose stack Expected: 3d5ba311c35d1c009fb1f03e55aa54171e57596e
40 verbose stack Actual:   d1c6d2441139b97ea572d040d24972fb6b315ec3
40 verbose stack From:     https://registry.npmjs.org/appbuilder/-/appbuilder-2.11.1.tgz
40 verbose stack     at /usr/local/lib/node_modules/npm/node_modules/sha/index.js:38:8
40 verbose stack     at ReadStream.<anonymous> (/usr/local/lib/node_modules/npm/node_modules/sha/index.js:85:7)
40 verbose stack     at ReadStream.emit (events.js:129:20)
40 verbose stack     at _stream_readable.js:908:16
40 verbose stack     at process._tickCallback (node.js:355:11)
41 verbose cwd /home/wamburu/Documents/gitting/schooling/dekutapp
42 error Linux 3.19.0-15-generic
43 error argv "node" "/usr/local/bin/npm" "install" "-g" "appbuilder"
44 error node v0.12.4
45 error npm  v2.12.1
46 error shasum check failed for /tmp/npm-3983-2055bd11/registry.npmjs.org/appbuilder/-/appbuilder-2.11.1.tgz
46 error Expected: 3d5ba311c35d1c009fb1f03e55aa54171e57596e
46 error Actual:   d1c6d2441139b97ea572d040d24972fb6b315ec3
46 error From:     https://registry.npmjs.org/appbuilder/-/appbuilder-2.11.1.tgz
47 error If you need help, you may report this error at:
47 error     <https://github.com/npm/npm/issues>
48 verbose exit [ 1, true ]
